<?xml version="1.0" encoding="UTF-8"?>
<!-- Generated by org.testng.reporters.JUnitReportReporter -->
<testsuite skipped="0" hostname="DESKTOP-IF4HBMG" name="base.FinalQATest" tests="1" failures="0" timestamp="12 Nov 2021 14:01:33 GMT" time="30.454" errors="0">
  <testcase name="verifyCareerSectionAndApplyForQAPosition" time="30.454" classname="base.FinalQATest"/>
</testsuite> <!-- base.FinalQATest -->
